TN:
SF:src/XCCIP.sol
FN:52,supportsInterface
FNDA:0,supportsInterface
DA:53,0
FN:56,
FNDA:0,
DA:57,0
DA:58,0
DA:59,0
DA:60,0
DA:61,0
FN:64,dnsDecode
FNDA:0,dnsDecode
DA:65,0
DA:66,0
DA:67,0
DA:69,0
DA:70,0
DA:71,0
DA:72,0
DA:75,0
BRDA:75,0,0,-
DA:76,0
DA:78,0
DA:79,0
DA:80,0
BRDA:80,1,0,-
DA:81,0
DA:83,0
DA:85,0
BRDA:85,2,0,-
DA:86,0
DA:88,0
FN:91,resolve
FNDA:0,resolve
DA:92,0
DA:93,0
BRDA:93,3,0,-
DA:94,0
BRDA:93,3,1,-
DA:96,0
DA:97,0
BRDA:97,4,0,-
DA:99,0
DA:104,0
DA:108,0
DA:109,0
DA:110,0
DA:111,0
FN:120,getResult
FNDA:0,getResult
DA:124,0
DA:128,0
DA:129,0
DA:130,0
BRDA:130,5,0,-
DA:131,0
DA:133,0
FN:139,resolveWithoutProof
FNDA:0,resolveWithoutProof
DA:140,0
DA:141,0
DA:142,0
BRDA:142,6,0,-
DA:143,0
DA:145,0
FNF:6
FNH:0
LF:45
LH:0
BRF:8
BRH:0
end_of_record
TN:
SF:src/BENSYC.sol
FN:105,
FNDA:0,
DA:106,0
DA:107,0
DA:108,0
DA:109,0
DA:110,0
DA:112,0
DA:113,0
DA:114,0
DA:118,0
DA:119,0
DA:120,0
DA:121,0
DA:122,0
FN:130,ownerOf
FNDA:0,ownerOf
DA:131,0
BRDA:131,0,0,-
DA:132,0
DA:134,0
FN:142,ID2Namehash
FNDA:0,ID2Namehash
DA:143,0
BRDA:143,1,0,-
DA:144,0
DA:146,0
FN:152,mint
FNDA:0,mint
DA:153,0
BRDA:153,2,0,-
DA:154,0
DA:156,0
BRDA:156,3,0,-
DA:157,0
DA:159,0
BRDA:159,4,0,-
DA:160,0
DA:163,0
DA:164,0
DA:165,0
DA:168,0
DA:169,0
DA:171,0
DA:172,0
DA:174,0
DA:175,0
FN:181,batchMint
FNDA:0,batchMint
DA:182,0
BRDA:182,5,0,-
DA:183,0
DA:185,0
BRDA:185,6,0,-
DA:186,0
DA:188,0
DA:189,0
DA:190,0
BRDA:190,7,0,-
DA:191,0
DA:192,0
DA:193,0
DA:194,0
DA:195,0
DA:198,0
DA:199,0
DA:200,0
DA:201,0
DA:203,0
DA:207,0
DA:208,0
FN:218,_transfer
FNDA:0,_transfer
DA:219,0
BRDA:219,8,0,-
DA:220,0
DA:222,0
BRDA:222,9,0,-
DA:223,0
DA:225,0
BRDA:225,10,0,-
DA:226,0
DA:229,0
BRDA:228,11,0,-
DA:232,0
DA:234,0
DA:238,0
DA:239,0
DA:241,0
DA:242,0
DA:243,0
DA:244,0
BRDA:244,12,0,-
DA:245,0
FN:260,transferFrom
FNDA:0,transferFrom
DA:261,0
FN:271,safeTransferFrom
FNDA:0,safeTransferFrom
DA:272,0
FN:281,safeTransferFrom
FNDA:0,safeTransferFrom
DA:282,0
FN:290,approve
FNDA:0,approve
DA:291,0
BRDA:291,13,0,-
DA:292,0
DA:294,0
DA:295,0
FN:303,setApprovalForAll
FNDA:0,setApprovalForAll
DA:304,0
DA:305,0
FN:313,tokenURI
FNDA:0,tokenURI
DA:314,0
BRDA:314,14,0,-
DA:315,0
DA:317,0
FN:326,royaltyInfo
FNDA:0,royaltyInfo
DA:328,0
FN:337,transferOwnership
FNDA:0,transferOwnership
DA:338,0
DA:339,0
FN:346,owner
FNDA:0,owner
DA:347,0
FN:353,toggleActive
FNDA:0,toggleActive
DA:354,0
FN:361,setDefaultResolver
FNDA:0,setDefaultResolver
DA:362,0
FN:369,setContractURI
FNDA:0,setContractURI
DA:370,0
FN:378,setRoyalty
FNDA:0,setRoyalty
DA:379,0
FN:385,withdrawETH
FNDA:0,withdrawETH
DA:386,0
FN:396,withdrawToken
FNDA:0,withdrawToken
DA:397,0
FN:408,setInterface
FNDA:0,setInterface
DA:409,0
DA:410,0
FNF:22
FNH:0
LF:93
LH:0
BRF:15
BRH:0
end_of_record
TN:
SF:src/Metadata.sol
FN:11,toHexColor
FNDA:0,toHexColor
DA:12,0
DA:13,0
DA:14,0
DA:15,0
DA:16,0
DA:17,0
DA:18,0
DA:19,0
DA:20,0
DA:21,0
DA:22,0
DA:23,0
BRDA:23,0,0,-
DA:24,0
DA:25,0
DA:26,0
DA:27,0
DA:28,0
DA:31,0
DA:32,0
FN:35,image
FNDA:0,image
DA:36,0
DA:37,0
DA:38,0
DA:39,0
DA:42,0
DA:43,0
FN:46,generate
FNDA:0,generate
DA:47,0
DA:48,0
FN:57,attrib
FNDA:0,attrib
DA:58,0
DA:59,0
DA:60,0
BRDA:60,1,0,-
DA:61,0
DA:62,0
DA:65,0
FN:71,toString
FNDA:0,toString
DA:75,0
BRDA:75,2,0,-
DA:76,0
DA:78,0
DA:79,0
DA:80,0
DA:81,0
DA:82,0
DA:84,0
DA:85,0
DA:86,0
DA:87,0
DA:88,0
DA:90,0
FN:98,encode64
FNDA:0,encode64
DA:99,0
BRDA:99,3,0,-
DA:100,0
DA:101,0
DA:102,0
DA:132,0
FN:135,DESTROY
FNDA:0,DESTROY
DA:136,0
DA:137,0
FNF:7
FNH:0
LF:53
LH:0
BRF:4
BRH:0
end_of_record
TN:
SF:src/Resolver.sol
FN:18,
FNDA:0,
DA:19,0
DA:21,0
DA:23,0
DA:24,0
DA:25,0
DA:26,0
DA:27,0
DA:28,0
FN:37,setDefaultContenthash
FNDA:0,setDefaultContenthash
DA:38,0
BRDA:38,0,0,-
DA:39,0
DA:41,0
FN:52,contenthash
FNDA:0,contenthash
DA:53,0
DA:54,0
BRDA:54,1,0,-
DA:55,0
FN:66,setContenthash
FNDA:0,setContenthash
DA:67,0
DA:68,0
FN:80,setAddr
FNDA:0,setAddr
DA:81,0
DA:82,0
FN:96,setAddr
FNDA:0,setAddr
DA:97,0
DA:98,0
FN:106,addr
FNDA:0,addr
DA:107,0
DA:108,0
BRDA:108,2,0,-
DA:109,0
DA:111,0
FN:120,addr
FNDA:0,addr
DA:121,0
DA:122,0
BRDA:122,3,0,-
DA:123,0
FN:142,setPubkey
FNDA:0,setPubkey
DA:143,0
DA:144,0
FN:157,setText
FNDA:0,setText
DA:158,0
DA:159,0
FN:168,text
FNDA:0,text
DA:169,0
DA:170,0
BRDA:170,4,0,-
DA:171,0
BRDA:171,5,0,-
DA:172,0
BRDA:171,5,1,-
DA:177,0
FN:189,setName
FNDA:0,setName
DA:190,0
DA:191,0
FN:199,name
FNDA:0,name
DA:200,0
DA:201,0
BRDA:201,6,0,-
DA:202,0
FN:214,toString
FNDA:0,toString
DA:218,0
BRDA:218,7,0,-
DA:219,0
DA:221,0
DA:222,0
DA:223,0
DA:224,0
DA:225,0
DA:227,0
DA:228,0
DA:229,0
DA:230,0
DA:231,0
DA:233,0
FN:241,toHexString
FNDA:0,toHexString
DA:242,0
DA:243,0
DA:244,0
DA:245,0
DA:246,0
DA:248,0
FN:252,
FNDA:0,
DA:253,0
FN:256,
FNDA:0,
DA:257,0
FN:260,DESTROY
FNDA:0,DESTROY
DA:261,0
DA:262,0
FNF:18
FNH:0
LF:64
LH:0
BRF:9
BRH:0
end_of_record
TN:
SF:script/BENSYC.s.sol
FN:10,run
FNDA:0,run
DA:11,0
DA:12,0
DA:13,0
DA:14,0
DA:15,0
DA:16,0
DA:17,0
DA:18,0
FNF:1
FNH:0
LF:8
LH:0
BRF:0
BRH:0
end_of_record
